<?xml version="1.0" encoding="UTF-8"?>
<!-- Generated by org.testng.reporters.JUnitReportReporter -->
<testsuite hostname="Amrutha" failures="0" tests="1" name="sdet2.baseclass" time="7.602" errors="0" timestamp="2021-01-26T22:51:33 IST" skipped="0">
  <testcase classname="sdet2.baseclass" name="openBrowser" time="7.602"/>
  <system-out/>
</testsuite> <!-- sdet2.baseclass -->
