<?xml version="1.0" encoding="UTF-8"?>
<!-- Generated by org.testng.reporters.JUnitReportReporter -->
<testsuite hostname="Amrutha" failures="0" tests="1" name="com.crm.autodesk.organization.Createorganization_tc2" time="41.847" errors="0" timestamp="2021-01-31T17:40:36 IST" skipped="0">
  <testcase classname="com.crm.autodesk.organization.Createorganization_tc2" name="createorganization" time="41.847"/>
  <system-out/>
</testsuite> <!-- com.crm.autodesk.organization.Createorganization_tc2 -->
