<?xml version="1.0" encoding="UTF-8"?>
<!-- Generated by org.testng.reporters.JUnitReportReporter -->
<testsuite hostname="Amrutha" failures="0" tests="1" name="sdet2.vtigercreatelead" time="19.731" errors="0" timestamp="2021-02-14T01:33:59 IST" skipped="0">
  <testcase classname="sdet2.vtigercreatelead" name="createlead" time="19.731"/>
  <system-out/>
</testsuite> <!-- sdet2.vtigercreatelead -->
