<?xml version="1.0" encoding="UTF-8"?>
<!-- Generated by org.testng.reporters.JUnitReportReporter -->
<testsuite hostname="Amrutha" failures="0" tests="1" name="sdet2.Extendreport.TestCase1" time="0.009" errors="0" timestamp="2021-01-31T21:29:08 IST" skipped="0">
  <testcase classname="sdet2.Extendreport.TestCase1" name="testcase1" time="0.009"/>
  <system-out/>
</testsuite> <!-- sdet2.Extendreport.TestCase1 -->
