<?xml version="1.0" encoding="UTF-8"?>
<!-- Generated by org.testng.reporters.JUnitReportReporter -->
<testsuite hostname="Amrutha" failures="0" tests="1" name="com.crm.autodesk.organization.Createorganization_tc3" time="56.236" errors="0" timestamp="2021-01-30T00:12:27 IST" skipped="0">
  <testcase classname="com.crm.autodesk.organization.Createorganization_tc3" name="createorganization" time="56.236"/>
  <system-out/>
</testsuite> <!-- com.crm.autodesk.organization.Createorganization_tc3 -->
