<?xml version="1.0" encoding="UTF-8"?>
<!-- Generated by org.testng.reporters.JUnitReportReporter -->
<testsuite hostname="Amrutha" failures="0" tests="1" name="com.crm.autodesk.contacttest.CreateContact" time="86.759" errors="0" timestamp="2021-01-28T23:26:09 IST" skipped="0">
  <testcase classname="com.crm.autodesk.contacttest.CreateContact" name="createContactWitORgTest" time="86.759"/>
  <system-out/>
</testsuite> <!-- com.crm.autodesk.contacttest.CreateContact -->
