<?xml version="1.0" encoding="UTF-8"?>
<!-- Generated by org.testng.reporters.JUnitReportReporter -->
<testsuite hostname="Amrutha" failures="0" tests="1" name="com.crm.autodesk.organization.Createorganization_tc5" time="40.917" errors="0" timestamp="2021-01-31T16:24:02 IST" skipped="0">
  <testcase classname="com.crm.autodesk.organization.Createorganization_tc5" name="createorganization" time="40.917"/>
  <system-out/>
</testsuite> <!-- com.crm.autodesk.organization.Createorganization_tc5 -->
