<?xml version="1.0" encoding="UTF-8"?>
<!-- Generated by org.testng.reporters.JUnitReportReporter -->
<testsuite hostname="Amrutha" failures="0" tests="1" name="com.crm.autodesk.organization.createorganization_tc1" time="56.057" errors="0" timestamp="2021-01-29T23:12:17 IST" skipped="0">
  <testcase classname="com.crm.autodesk.organization.createorganization_tc1" name="createorganization" time="56.057"/>
  <system-out/>
</testsuite> <!-- com.crm.autodesk.organization.createorganization_tc1 -->
